{"/Users/ascend/code/vues/src/Seed.js":{"path":"/Users/ascend/code/vues/src/Seed.js","s":{"1":1,"2":2,"3":2,"4":1,"5":1},"b":{"1":[1,1]},"f":{"1":2,"2":2},"fnMap":{"1":{"name":"(anonymous_1)","line":1,"loc":{"start":{"line":1,"column":17},"end":{"line":1,"column":31}}},"2":{"name":"(anonymous_2)","line":2,"loc":{"start":{"line":2,"column":23},"end":{"line":2,"column":50}}}},"statementMap":{"1":{"start":{"line":1,"column":0},"end":{"line":9,"column":1}},"2":{"start":{"line":2,"column":4},"end":{"line":8,"column":6}},"3":{"start":{"line":4,"column":8},"end":{"line":6,"column":9}},"4":{"start":{"line":5,"column":12},"end":{"line":5,"column":40}},"5":{"start":{"line":7,"column":8},"end":{"line":7,"column":30}}},"branchMap":{"1":{"line":4,"type":"if","locations":[{"start":{"line":4,"column":8},"end":{"line":4,"column":8}},{"start":{"line":4,"column":8},"end":{"line":4,"column":8}}]}}}}